#! /c/Source/iverilog-install/bin/vvp
:ivl_version "12.0 (devel)" "(s20150603-1539-g2693dd32b)";
:ivl_delay_selection "TYPICAL";
:vpi_time_precision - 9;
:vpi_module "D:\iVerilog\lib\ivl\system.vpi";
:vpi_module "D:\iVerilog\lib\ivl\vhdl_sys.vpi";
:vpi_module "D:\iVerilog\lib\ivl\vhdl_textio.vpi";
:vpi_module "D:\iVerilog\lib\ivl\v2005_math.vpi";
:vpi_module "D:\iVerilog\lib\ivl\va_math.vpi";
S_000001f6a90d5db0 .scope module, "testbench" "testbench" 2 2;
 .timescale -8 -9;
v000001f6a90d3740_0 .net "Rec", 0 0, L_000001f6a90d3e70;  1 drivers
v000001f6a90d37e0_0 .var "SOut1", 0 0;
v000001f6a90d3880_0 .var "SOut2", 0 0;
v000001f6a90d3920_0 .var "SOut3", 0 0;
S_000001f6a90d5f40 .scope module, "u1" "mux2to1_GL" 2 5, 3 1 0, S_000001f6a90d5db0;
 .timescale 0 0;
    .port_info 0 /INPUT 1 "a";
    .port_info 1 /INPUT 1 "b";
    .port_info 2 /INPUT 1 "sel";
    .port_info 3 /OUTPUT 1 "out";
L_000001f6a901bf60 .functor NOT 1, v000001f6a90d3920_0, C4<0>, C4<0>, C4<0>;
L_000001f6a90173b0 .functor AND 1, v000001f6a90d37e0_0, L_000001f6a901bf60, C4<1>, C4<1>;
L_000001f6a9017510 .functor AND 1, v000001f6a90d3880_0, v000001f6a90d3920_0, C4<1>, C4<1>;
L_000001f6a90d3e70 .functor OR 1, L_000001f6a90173b0, L_000001f6a9017510, C4<0>, C4<0>;
v000001f6a90d60d0_0 .net "a", 0 0, v000001f6a90d37e0_0;  1 drivers
v000001f6a9016f10_0 .net "a1", 0 0, L_000001f6a90173b0;  1 drivers
v000001f6a90d6170_0 .net "b", 0 0, v000001f6a90d3880_0;  1 drivers
v000001f6a901be20_0 .net "b1", 0 0, L_000001f6a9017510;  1 drivers
v000001f6a901bec0_0 .net "out", 0 0, L_000001f6a90d3e70;  alias, 1 drivers
v000001f6a90d3600_0 .net "sel", 0 0, v000001f6a90d3920_0;  1 drivers
v000001f6a90d36a0_0 .net "selnot", 0 0, L_000001f6a901bf60;  1 drivers
    .scope S_000001f6a90d5db0;
T_0 ;
    %pushi/vec4 0, 0, 1;
    %store/vec4 v000001f6a90d37e0_0, 0, 1;
    %pushi/vec4 0, 0, 1;
    %store/vec4 v000001f6a90d3880_0, 0, 1;
    %pushi/vec4 0, 0, 1;
    %store/vec4 v000001f6a90d3920_0, 0, 1;
    %delay 60, 0;
    %pushi/vec4 0, 0, 1;
    %store/vec4 v000001f6a90d37e0_0, 0, 1;
    %pushi/vec4 0, 0, 1;
    %store/vec4 v000001f6a90d3880_0, 0, 1;
    %pushi/vec4 1, 0, 1;
    %store/vec4 v000001f6a90d3920_0, 0, 1;
    %delay 60, 0;
    %pushi/vec4 1, 0, 1;
    %store/vec4 v000001f6a90d37e0_0, 0, 1;
    %pushi/vec4 0, 0, 1;
    %store/vec4 v000001f6a90d3880_0, 0, 1;
    %pushi/vec4 0, 0, 1;
    %store/vec4 v000001f6a90d3920_0, 0, 1;
    %delay 60, 0;
    %pushi/vec4 1, 0, 1;
    %store/vec4 v000001f6a90d37e0_0, 0, 1;
    %pushi/vec4 0, 0, 1;
    %store/vec4 v000001f6a90d3880_0, 0, 1;
    %pushi/vec4 1, 0, 1;
    %store/vec4 v000001f6a90d3920_0, 0, 1;
    %delay 60, 0;
    %pushi/vec4 0, 0, 1;
    %store/vec4 v000001f6a90d37e0_0, 0, 1;
    %pushi/vec4 1, 0, 1;
    %store/vec4 v000001f6a90d3880_0, 0, 1;
    %pushi/vec4 0, 0, 1;
    %store/vec4 v000001f6a90d3920_0, 0, 1;
    %delay 60, 0;
    %pushi/vec4 0, 0, 1;
    %store/vec4 v000001f6a90d37e0_0, 0, 1;
    %pushi/vec4 1, 0, 1;
    %store/vec4 v000001f6a90d3880_0, 0, 1;
    %pushi/vec4 1, 0, 1;
    %store/vec4 v000001f6a90d3920_0, 0, 1;
    %delay 60, 0;
    %pushi/vec4 1, 0, 1;
    %store/vec4 v000001f6a90d37e0_0, 0, 1;
    %pushi/vec4 1, 0, 1;
    %store/vec4 v000001f6a90d3880_0, 0, 1;
    %pushi/vec4 0, 0, 1;
    %store/vec4 v000001f6a90d3920_0, 0, 1;
    %delay 60, 0;
    %pushi/vec4 1, 0, 1;
    %store/vec4 v000001f6a90d37e0_0, 0, 1;
    %pushi/vec4 1, 0, 1;
    %store/vec4 v000001f6a90d3880_0, 0, 1;
    %pushi/vec4 1, 0, 1;
    %store/vec4 v000001f6a90d3920_0, 0, 1;
    %delay 60, 0;
    %vpi_call 2 16 "$finish" {0 0 0};
    %end;
    .thread T_0;
    .scope S_000001f6a90d5db0;
T_1 ;
    %vpi_call 2 21 "$dumpfile", "result.vcd" {0 0 0};
    %vpi_call 2 22 "$dumpvars", 32'sb00000000000000000000000000000000, S_000001f6a90d5db0 {0 0 0};
    %end;
    .thread T_1;
# The file index is used to find the file name in the following table.
:file_names 4;
    "N/A";
    "<interactive>";
    ".\tb_1.v";
    ".\mux2to1_GL.v";
